0 info it worked if it ends with ok
1 verbose cli [ 'node', '/usr/local/bin/npm', 'publish' ]
2 info using npm@1.4.28
3 info using node@v0.10.32
4 verbose publish [ '.' ]
5 verbose cache add [ '.', null ]
6 verbose cache add name=undefined spec="." args=[".",null]
7 verbose parsed url { protocol: null,
7 verbose parsed url   slashes: null,
7 verbose parsed url   auth: null,
7 verbose parsed url   host: null,
7 verbose parsed url   port: null,
7 verbose parsed url   hostname: null,
7 verbose parsed url   hash: null,
7 verbose parsed url   search: null,
7 verbose parsed url   query: null,
7 verbose parsed url   pathname: '.',
7 verbose parsed url   path: '.',
7 verbose parsed url   href: '.' }
8 silly lockFile 3a52ce78- .
9 verbose lock . /Users/henrimichel/.npm/3a52ce78-.lock
10 verbose tar pack [ '/Users/henrimichel/.npm/lodashim/1.0.1/package.tgz', '.' ]
11 verbose tarball /Users/henrimichel/.npm/lodashim/1.0.1/package.tgz
12 verbose folder .
13 info prepublish lodashim@1.0.1
14 silly lockFile 1f1177db-tar tar://.
15 verbose lock tar://. /Users/henrimichel/.npm/1f1177db-tar.lock
16 silly lockFile 46aecec6-l-npm-lodashim-1-0-1-package-tgz tar:///Users/henrimichel/.npm/lodashim/1.0.1/package.tgz
17 verbose lock tar:///Users/henrimichel/.npm/lodashim/1.0.1/package.tgz /Users/henrimichel/.npm/46aecec6-l-npm-lodashim-1-0-1-package-tgz.lock
18 silly lockFile 1f1177db-tar tar://.
19 silly lockFile 1f1177db-tar tar://.
20 silly lockFile 46aecec6-l-npm-lodashim-1-0-1-package-tgz tar:///Users/henrimichel/.npm/lodashim/1.0.1/package.tgz
21 silly lockFile 46aecec6-l-npm-lodashim-1-0-1-package-tgz tar:///Users/henrimichel/.npm/lodashim/1.0.1/package.tgz
22 silly lockFile a64e8c86-ichel-npm-lodashim-1-0-1-package /Users/henrimichel/.npm/lodashim/1.0.1/package
23 verbose lock /Users/henrimichel/.npm/lodashim/1.0.1/package /Users/henrimichel/.npm/a64e8c86-ichel-npm-lodashim-1-0-1-package.lock
24 silly lockFile a64e8c86-ichel-npm-lodashim-1-0-1-package /Users/henrimichel/.npm/lodashim/1.0.1/package
25 silly lockFile a64e8c86-ichel-npm-lodashim-1-0-1-package /Users/henrimichel/.npm/lodashim/1.0.1/package
26 silly lockFile 3a52ce78- .
27 silly lockFile 3a52ce78- .
28 silly publish { name: 'lodashim',
28 silly publish   version: '1.0.1',
28 silly publish   description: 'Lodash improved with some util functions',
28 silly publish   main: 'lodashim.js',
28 silly publish   directories: { test: 'test' },
28 silly publish   scripts: { test: 'grunt' },
28 silly publish   repository:
28 silly publish    { type: 'git',
28 silly publish      url: 'https://github.com/henricavalcante/lodashim.git' },
28 silly publish   keywords: [ 'lodash', 'improved', 'lodashim', 'util', 'functions' ],
28 silly publish   author: { name: 'Henri Cavalcante' },
28 silly publish   license: 'ISC',
28 silly publish   bugs: { url: 'https://github.com/henricavalcante/lodashim/issues' },
28 silly publish   homepage: 'https://github.com/henricavalcante/lodashim',
28 silly publish   devDependencies:
28 silly publish    { 'grunt-contrib-jshint': '^0.11.0',
28 silly publish      'grunt-contrib-nodeunit': '^0.4.1',
28 silly publish      'grunt-contrib-watch': '^0.6.1',
28 silly publish      'grunt-jsbeautifier': '^0.2.8',
28 silly publish      'grunt-jscs': '^1.5.0',
28 silly publish      sinon: '^1.12.2' },
28 silly publish   dependencies: { lodash: '^3.3.0' },
28 silly publish   readme: '# lodashim\nLodash Improved with some util functions\n',
28 silly publish   readmeFilename: 'README.md',
28 silly publish   gitHead: '0477b068de7a0b023760aad67b84c1bbbcdd024b',
28 silly publish   _id: 'lodashim@1.0.1',
28 silly publish   _shasum: '4c22446115d8f21cd9bd6005352219d1858f28f0',
28 silly publish   _from: '.' }
29 verbose request where is /lodashim
30 verbose request registry https://registry.npmjs.org/
31 verbose request id d4c8231f26377b5c
32 verbose url raw /lodashim
33 verbose url resolving [ 'https://registry.npmjs.org/', './lodashim' ]
34 verbose url resolved https://registry.npmjs.org/lodashim
35 verbose request where is https://registry.npmjs.org/lodashim
36 info trying registry request attempt 1 at 17:27:17
37 http PUT https://registry.npmjs.org/lodashim
38 http 403 https://registry.npmjs.org/lodashim
39 verbose headers { date: 'Sun, 22 Mar 2015 20:27:20 GMT',
39 verbose headers   server: 'CouchDB/1.5.0 (Erlang OTP/R16B03)',
39 verbose headers   'content-type': 'application/json',
39 verbose headers   'cache-control': 'max-age=60',
39 verbose headers   'content-length': '2820',
39 verbose headers   'accept-ranges': 'bytes',
39 verbose headers   via: '1.1 varnish',
39 verbose headers   'x-served-by': 'cache-atl6235-ATL',
39 verbose headers   'x-cache': 'MISS',
39 verbose headers   'x-cache-hits': '0',
39 verbose headers   'x-timer': 'S1427056040.528974,VS0,VE80',
39 verbose headers   'keep-alive': 'timeout=10, max=50',
39 verbose headers   connection: 'Keep-Alive' }
40 error publish Failed PUT 403
41 error Error: forbidden cannot modify pre-existing version: 1.0.1
41 error old={"name":"lodashim","version":"1.0.1","description":"Lodash improved with some util functions","main":"lodashim.js","directories":{"test":"test"},"scripts":{"test":"grunt"},"repository":{"type":"git","url":"https://github.com/henricavalcante/lodashim.git"},"keywords":["lodash","improved","lodashim","util","functions"],"author":{"name":"Henri Cavalcante"},"license":"ISC","bugs":{"url":"https://github.com/henricavalcante/lodashim/issues"},"homepage":"https://github.com/henricavalcante/lodashim","devDependencies":{"grunt-contrib-jshint":"^0.11.0","grunt-contrib-nodeunit":"^0.4.1","grunt-contrib-watch":"^0.6.1","grunt-jsbeautifier":"^0.2.8","grunt-jscs":"^1.5.0","sinon":"^1.12.2"},"dependencies":{"lodash":"^3.3.0"},"gitHead":"c6313914f9baeeca7e38df828f125755c985c152","_id":"lodashim@1.0.1","_shasum":"a21ca8d32c5102c3f53dd27cb7bf627a24986769","_from":".","_npmVersion":"1.4.28","_npmUser":{"name":"henricavalcante","email":"hnri_mxel@hotmail.com"},"maintainers":[{"name":"henricavalcante","email":"hnri_mxel@hotmail.com"}],"dist":{"shasum":"a21ca8d32c5102c3f53dd27cb7bf627a24986769","tarball":"http://registry.npmjs.org/lodashim/-/lodashim-1.0.1.tgz"}}
41 error new={"name":"lodashim","version":"1.0.1","description":"Lodash improved with some util functions","main":"lodashim.js","directories":{"test":"test"},"scripts":{"test":"grunt"},"repository":{"type":"git","url":"https://github.com/henricavalcante/lodashim.git"},"keywords":["lodash","improved","lodashim","util","functions"],"author":{"name":"Henri Cavalcante"},"license":"ISC","bugs":{"url":"https://github.com/henricavalcante/lodashim/issues"},"homepage":"https://github.com/henricavalcante/lodashim","devDependencies":{"grunt-contrib-jshint":"^0.11.0","grunt-contrib-nodeunit":"^0.4.1","grunt-contrib-watch":"^0.6.1","grunt-jsbeautifier":"^0.2.8","grunt-jscs":"^1.5.0","sinon":"^1.12.2"},"dependencies":{"lodash":"^3.3.0"},"readme":"# lodashim\u000aLodash Improved with some util functions\u000a","readmeFilename":"README.md","gitHead":"0477b068de7a0b023760aad67b84c1bbbcdd024b","_id":"lodashim@1.0.1","_shasum":"4c22446115d8f21cd9bd6005352219d1858f28f0","_from":".","_npmVersion":"1.4.28","_npmUser":{"name":"henricavalcante","email":"hnri_mxel@hotmail.com"},"maintainers":[{"name":"henricavalcante","email":"hnri_mxel@hotmail.com"}],"dist":{"shasum":"4c22446115d8f21cd9bd6005352219d1858f28f0","tarball":"http://registry.npmjs.org/lodashim/-/lodashim-1.0.1.tgz"}}: lodashim
41 error     at RegClient.<anonymous> (/usr/local/lib/node_modules/npm/node_modules/npm-registry-client/lib/request.js:308:14)
41 error     at Request._callback (/usr/local/lib/node_modules/npm/node_modules/npm-registry-client/lib/request.js:246:65)
41 error     at Request.self.callback (/usr/local/lib/node_modules/npm/node_modules/request/request.js:236:22)
41 error     at Request.emit (events.js:98:17)
41 error     at Request.<anonymous> (/usr/local/lib/node_modules/npm/node_modules/request/request.js:1142:14)
41 error     at Request.emit (events.js:117:20)
41 error     at IncomingMessage.<anonymous> (/usr/local/lib/node_modules/npm/node_modules/request/request.js:1096:12)
41 error     at IncomingMessage.emit (events.js:117:20)
41 error     at _stream_readable.js:943:16
41 error     at process._tickCallback (node.js:419:13)
42 error If you need help, you may report this *entire* log,
42 error including the npm and node versions, at:
42 error     <http://github.com/npm/npm/issues>
43 error System Darwin 14.1.0
44 error command "node" "/usr/local/bin/npm" "publish"
45 error cwd /Users/henrimichel/git/lodashim
46 error node -v v0.10.32
47 error npm -v 1.4.28
48 verbose exit [ 1, true ]
